<?xml version="1.0" encoding="UTF-8"?>
<!-- Generated by org.testng.reporters.JUnitXMLReporter -->
<testsuite ignored="4" hostname="DESKTOP-T3G1OIH" failures="1" tests="1" name="Default test(failed)" time="0.211" errors="0" timestamp="2023-05-26T22:27:02 IST">
  <testcase classname="TestNG.Test1" name="m1" time="0.055">
    <failure type="org.testng.internal.thread.ThreadTimeoutException" message="Method TestNG.Test1.m1() didn&amp;apos;t finish within the time-out 10">
      <![CDATA[org.testng.internal.thread.ThreadTimeoutException: Method TestNG.Test1.m1() didn't finish within the time-out 10
at java.base/java.util.ArrayList.forEach(ArrayList.java:1511)
... Removed 24 stack frames]]>
    </failure>
  </testcase> <!-- m1 -->
  <testcase classname="TestNG.Test1" name="m3" time="0.0">
    <ignored/>
  </testcase> <!-- m3 -->
  <testcase classname="TestNG.Test1" name="m2" time="0.0">
    <ignored/>
  </testcase> <!-- m2 -->
  <testcase classname="TestNG.Test1" name="m4" time="0.0">
    <ignored/>
  </testcase> <!-- m4 -->
  <testcase classname="TestNG.Test1" name="m5" time="0.0">
    <ignored/>
  </testcase> <!-- m5 -->
</testsuite> <!-- Default test(failed) -->
