<?xml version="1.0" encoding="UTF-8"?>
<!-- Generated by org.testng.reporters.JUnitXMLReporter -->
<testsuite ignored="0" hostname="DESKTOP-T3G1OIH" failures="3" tests="5" name="Test1" time="0.149" errors="0" timestamp="2023-05-26T22:38:44 IST">
  <testcase classname="TestNG.Homework2$Test1" name="a1" time="0.041">
    <failure type="org.testng.internal.thread.ThreadTimeoutException" message="Method TestNG.Homework2$Test1.a1() didn&amp;apos;t finish within the time-out 10">
      <![CDATA[org.testng.internal.thread.ThreadTimeoutException: Method TestNG.Homework2$Test1.a1() didn't finish within the time-out 10
at java.base/java.util.ArrayList.forEach(ArrayList.java:1511)
... Removed 24 stack frames]]>
    </failure>
  </testcase> <!-- a1 -->
  <testcase classname="TestNG.Homework2$Test1" name="a2" time="0.005">
    <failure type="java.lang.AssertionError" message="null">
      <![CDATA[java.lang.AssertionError: null
at TestNG.Homework2$Test1.a2(Homework2.java:21)
at java.base/java.util.ArrayList.forEach(ArrayList.java:1511)
... Removed 27 stack frames]]>
    </failure>
  </testcase> <!-- a2 -->
  <testcase classname="TestNG.Homework2$Test1" name="a3" time="0.003">
    <failure type="java.lang.AssertionError" message="null">
      <![CDATA[java.lang.AssertionError: null
at TestNG.Homework2$Test1.a3(Homework2.java:26)
at java.base/java.util.ArrayList.forEach(ArrayList.java:1511)
... Removed 27 stack frames]]>
    </failure>
  </testcase> <!-- a3 -->
  <testcase classname="TestNG.Homework2$Test1" name="a4" time="0.002"/>
  <testcase classname="TestNG.Homework2$Test1" name="a5" time="0.002"/>
</testsuite> <!-- Test1 -->
