<?xml version="1.0" encoding="UTF-8"?>
<!-- Generated by org.testng.reporters.JUnitXMLReporter -->
<testsuite ignored="0" hostname="DESKTOP-T3G1OIH" failures="0" tests="5" name="Default test" time="0.119" errors="0" timestamp="2023-05-29T00:29:48 IST">
  <testcase classname="TestNG.Sample1" name="m1" time="0.02"/>
  <testcase classname="TestNG.Sample1" name="m2" time="0.002"/>
  <testcase classname="TestNG.Sample1" name="m3" time="0.004"/>
  <testcase classname="TestNG.Sample1" name="m4" time="0.002"/>
  <testcase classname="TestNG.Sample1" name="m5" time="0.002"/>
</testsuite> <!-- Default test -->
