<?xml version="1.0" encoding="UTF-8"?>
<!-- Generated by org.testng.reporters.JUnitXMLReporter -->
<testsuite ignored="3" hostname="DESKTOP-T3G1OIH" failures="0" tests="2" name="Test2(failed)(failed)" time="0.023" errors="0" timestamp="2023-05-26T22:43:29 IST">
  <testcase classname="TestNG.Homework1$Test1" name="m4" time="0.004"/>
  <testcase classname="TestNG.Homework1$Test1" name="m5" time="0.003"/>
  <testcase classname="TestNG.Homework1$Test1" name="m1" time="0.0">
    <ignored/>
  </testcase> <!-- m1 -->
  <testcase classname="TestNG.Homework1$Test1" name="m3" time="0.0">
    <ignored/>
  </testcase> <!-- m3 -->
  <testcase classname="TestNG.Homework1$Test1" name="m2" time="0.0">
    <ignored/>
  </testcase> <!-- m2 -->
</testsuite> <!-- Test2(failed)(failed) -->
