<?xml version="1.0" encoding="UTF-8"?>
<!-- Generated by org.testng.reporters.JUnitXMLReporter -->
<testsuite ignored="3" hostname="DESKTOP-T3G1OIH" failures="0" tests="2" name="Test1(failed)(failed)" time="0.094" errors="0" timestamp="2023-05-26T22:43:28 IST">
  <testcase classname="TestNG.Homework2$Test1" name="a4" time="0.022"/>
  <testcase classname="TestNG.Homework2$Test1" name="a5" time="0.001"/>
  <testcase classname="TestNG.Homework2$Test1" name="a2" time="0.0">
    <ignored/>
  </testcase> <!-- a2 -->
  <testcase classname="TestNG.Homework2$Test1" name="a1" time="0.0">
    <ignored/>
  </testcase> <!-- a1 -->
  <testcase classname="TestNG.Homework2$Test1" name="a3" time="0.0">
    <ignored/>
  </testcase> <!-- a3 -->
</testsuite> <!-- Test1(failed)(failed) -->
