<?xml version="1.0" encoding="UTF-8"?>
<!-- Generated by org.testng.reporters.JUnitXMLReporter -->
<testsuite ignored="2" hostname="DESKTOP-T3G1OIH" failures="3" tests="3" name="Test2(failed)" time="0.038" errors="0" timestamp="2023-05-26T22:39:24 IST">
  <testcase classname="TestNG.Homework1$Test1" name="m1" time="0.021">
    <failure type="org.testng.internal.thread.ThreadTimeoutException" message="Method TestNG.Homework1$Test1.m1() didn&amp;apos;t finish within the time-out 10">
      <![CDATA[org.testng.internal.thread.ThreadTimeoutException: Method TestNG.Homework1$Test1.m1() didn't finish within the time-out 10
at java.base/java.util.ArrayList.forEach(ArrayList.java:1511)
... Removed 24 stack frames]]>
    </failure>
  </testcase> <!-- m1 -->
  <testcase classname="TestNG.Homework1$Test1" name="m3" time="0.002">
    <failure type="java.lang.AssertionError" message="null">
      <![CDATA[java.lang.AssertionError: null
at TestNG.Homework1$Test1.m3(Homework1.java:26)
at java.base/java.util.ArrayList.forEach(ArrayList.java:1511)
... Removed 27 stack frames]]>
    </failure>
  </testcase> <!-- m3 -->
  <testcase classname="TestNG.Homework1$Test1" name="m2" time="0.002">
    <failure type="java.lang.AssertionError" message="null">
      <![CDATA[java.lang.AssertionError: null
at TestNG.Homework1$Test1.m2(Homework1.java:21)
at java.base/java.util.ArrayList.forEach(ArrayList.java:1511)
... Removed 27 stack frames]]>
    </failure>
  </testcase> <!-- m2 -->
  <testcase classname="TestNG.Homework1$Test1" name="m5" time="0.0">
    <ignored/>
  </testcase> <!-- m5 -->
  <testcase classname="TestNG.Homework1$Test1" name="m4" time="0.0">
    <ignored/>
  </testcase> <!-- m4 -->
</testsuite> <!-- Test2(failed) -->
