<?xml version="1.0" encoding="UTF-8"?>
<testng-results ignored="0" total="5" passed="5" failed="0" skipped="0">
  <reporter-output>
  </reporter-output>
  <suite started-at="2023-05-29T00:29:47 IST" name="Default suite" finished-at="2023-05-29T00:29:48 IST" duration-ms="119">
    <groups>
    </groups>
    <test started-at="2023-05-29T00:29:47 IST" name="Default test" finished-at="2023-05-29T00:29:48 IST" duration-ms="119">
      <class name="TestNG.Sample1">
        <test-method signature="m1()[pri:0, instance:TestNG.Sample1@76508ed1]" started-at="2023-05-29T00:29:47 IST" name="m1" finished-at="2023-05-29T00:29:47 IST" duration-ms="20" status="PASS">
          <reporter-output>
          </reporter-output>
        </test-method> <!-- m1 -->
        <test-method signature="m2()[pri:0, instance:TestNG.Sample1@76508ed1]" started-at="2023-05-29T00:29:47 IST" name="m2" finished-at="2023-05-29T00:29:47 IST" duration-ms="2" status="PASS">
          <reporter-output>
          </reporter-output>
        </test-method> <!-- m2 -->
        <test-method signature="m3()[pri:0, instance:TestNG.Sample1@76508ed1]" started-at="2023-05-29T00:29:47 IST" name="m3" finished-at="2023-05-29T00:29:47 IST" duration-ms="4" status="PASS">
          <reporter-output>
          </reporter-output>
        </test-method> <!-- m3 -->
        <test-method signature="m4()[pri:0, instance:TestNG.Sample1@76508ed1]" started-at="2023-05-29T00:29:47 IST" name="m4" finished-at="2023-05-29T00:29:47 IST" duration-ms="2" status="PASS">
          <reporter-output>
          </reporter-output>
        </test-method> <!-- m4 -->
        <test-method signature="m5()[pri:0, instance:TestNG.Sample1@76508ed1]" started-at="2023-05-29T00:29:47 IST" name="m5" finished-at="2023-05-29T00:29:47 IST" duration-ms="2" status="PASS">
          <reporter-output>
          </reporter-output>
        </test-method> <!-- m5 -->
      </class> <!-- TestNG.Sample1 -->
    </test> <!-- Default test -->
  </suite> <!-- Default suite -->
</testng-results>
